C51 COMPILER V9.01   APP                                                                   06/04/2021 20:46:20 PAGE 1   


C51 COMPILER V9.01, COMPILATION OF MODULE APP
OBJECT MODULE PLACED IN app.OBJ
COMPILER INVOKED BY: D:\Program Files (x86)\Keil_v4\C51\BIN\C51.EXE app.c BROWSE DEBUG OBJECTEXTEND

line level    source

   1          
   2          
   3          #include "app.h"
   4          
   5          #include "HX711.h"
   6          #include "lcd.h"
   7          #include "uart.h"
   8          #include "timer0.h"
   9          #include "key.h"
  10          
  11          unsigned char DisBuf[7] = {0};
  12          
  13          void ftoc(unsigned long value) {
  14   1      
  15   1              DisBuf[0] = value / 1000000 % 10;  
  16   1              DisBuf[1] = value / 100000 % 10;
  17   1              DisBuf[2] = value / 10000 % 10;
  18   1              DisBuf[3] = value / 1000 % 10;
  19   1              DisBuf[4] = value / 100 % 10;
  20   1              DisBuf[5] = value / 10 % 10;                     
  21   1              DisBuf[6] = value  % 10;
  22   1      }
  23          
  24          
  25          void LcdDisp(struct Scale s) { 
  26   1              unsigned char i = 0;
  27   1      
  28   1              ftoc(s.refAD);
  29   1              LcdWriteCom(0x80);
  30   1      
  31   1              do{
  32   2                      LcdWriteData(0x30+DisBuf[i]);
  33   2                      i++;     
  34   2              }while(i < 7);
  35   1      
  36   1              i=0;
  37   1              ftoc(s.nowAD);
  38   1              LcdWriteData(' ');
  39   1              do{
  40   2                      LcdWriteData('0'+DisBuf[i]);
  41   2                      i++;     
  42   2              }while(i < 7);
  43   1      
  44   1              i=0;
  45   1              ftoc(s.weight);
  46   1              LcdWriteCom(0x80+0x40);
  47   1              LcdWriteStr("Wegiht:");
  48   1              // 单位
  49   1              if(s.weight > 1000)
  50   1              {
  51   2                      do{
  52   3                              LcdWriteData('0'+DisBuf[i]);
  53   3                              if(2 == i) {
  54   4                                      LcdWriteData('.');
  55   4                              }
C51 COMPILER V9.01   APP                                                                   06/04/2021 20:46:20 PAGE 2   

  56   3                              i++;     
  57   3                      }while(i < 6);
  58   2                      LcdWriteStr("kg");
  59   2              }
  60   1              else
  61   1              {
  62   2                      do{
  63   3                              LcdWriteData('0'+DisBuf[i]);
  64   3                              i++;     
  65   3                      }while(i < 6);
  66   2                      LcdWriteStr("  g");
  67   2              }               
  68   1      }
  69          
  70          
  71          /* BT蓝牙发送数据 */
  72          void BTSend(unsigned char *ptr) {
  73   1      
  74   1              unsigned char i = 0;
  75   1      
  76   1              uartSendStr(" >> The Value is: ");
  77   1              do{
  78   2                      uartSendChr('0'+ptr[i++]);
  79   2              }while(i < 6);
  80   1              //uartSendStr("kg!");
  81   1      }
  82          
  83          


MODULE INFORMATION:   STATIC OVERLAYABLE
   CODE SIZE        =    457    ----
   CONSTANT SIZE    =     34    ----
   XDATA SIZE       =   ----    ----
   PDATA SIZE       =   ----    ----
   DATA SIZE        =      7      25
   IDATA SIZE       =   ----    ----
   BIT SIZE         =   ----    ----
END OF MODULE INFORMATION.


C51 COMPILATION COMPLETE.  0 WARNING(S),  0 ERROR(S)
