C51 COMPILER V9.01   HX711                                                                 06/04/2021 20:46:20 PAGE 1   


C51 COMPILER V9.01, COMPILATION OF MODULE HX711
OBJECT MODULE PLACED IN HX711.OBJ
COMPILER INVOKED BY: D:\Program Files (x86)\Keil_v4\C51\BIN\C51.EXE HX711.c BROWSE DEBUG OBJECTEXTEND

line level    source

   1          
   2          #include <intrins.h>   // _nop()_
   3          #include "HX711.h"
   4          
   5          // 缓冲区大小
   6          #define M       5               // 中值滤波
   7          #define N       16              // 平均滤波
   8          
   9          unsigned long ReadCount(void)
  10          {
  11   1              unsigned long datA = 0;
  12   1              unsigned char i = 0;
  13   1      
  14   1              A_DOUT = 1;        // DOUT置1
  15   1              _nop_();
  16   1              _nop_();        
  17   1              A_SCK = 0;         // SCK置0
  18   1              datA = 0;
  19   1      
  20   1              // 等待HX711_DOUT下降沿到来
  21   1              while(A_DOUT && i<50);   // AD转换未结束则等待 否则开始读取数据
  22   1              {
  23   2                      _nop_();
  24   2                      _nop_();
  25   2                      i++;
  26   2              }
  27   1              // 发送24个脉冲，读取24位数据
  28   1              for(i = 0;i < 24; i++)  
  29   1              {
  30   2                      A_SCK = 1;         // SCK置1 发送一个脉冲 读取一位数据
  31   2                      _nop_();
  32   2                      datA = datA << 1;        // 下降沿来时dat变量左移一位 右侧补零
  33   2                      A_SCK = 0;
  34   2                      if(A_DOUT)      // DOUT为高电平 
  35   2                              datA++;
  36   2              }
  37   1              // 第25个脉冲 增益为128
  38   1              A_SCK = 1;
  39   1              _nop_();
  40   1              datA = datA ^ 0x800000;  
  41   1              A_SCK = 0;
  42   1              return(datA);
  43   1      }
  44          
  45          
  46          unsigned long AD_median(void) 
  47          {
  48   1              unsigned long buff[M],temp; //定义存储数据的数组
  49   1              unsigned char i = 0,j = 0;
  50   1              
  51   1              // 数据采集
  52   1              for(i = 0; i < M; i++)
  53   1              {
  54   2                      buff[i] = ReadCount();
  55   2                      _nop_();
C51 COMPILER V9.01   HX711                                                                 06/04/2021 20:46:20 PAGE 2   

  56   2              }
  57   1          
  58   1              // 排序(冒泡) 
  59   1              for(j = 0; j < M-1; j++)
  60   1          {
  61   2                      for(i = 0; i < M-1-j; i++)
  62   2                      {
  63   3                      if(buff[i] > buff[i+1]) 
  64   3                      {
  65   4                          temp = buff[i];
  66   4                          buff[i] = buff[i+1];
  67   4                          buff[i+1] = temp;
  68   4                      }
  69   3                      }
  70   2          }
  71   1              return buff[(M-1)/2];  // 中值
  72   1      }
  73          // 773414 8615179
  74          
  75          unsigned long AD_average(void)
  76          {       
  77   1              unsigned long sum = 0;
  78   1              unsigned char i = 0;
  79   1      
  80   1      
  81   1              for(i = N; i > 0; i--) 
  82   1              {
  83   2                      sum += AD_median();
  84   2              }
  85   1              return (unsigned long)(sum / N);
  86   1      }


MODULE INFORMATION:   STATIC OVERLAYABLE
   CODE SIZE        =    298    ----
   CONSTANT SIZE    =   ----    ----
   XDATA SIZE       =   ----    ----
   PDATA SIZE       =   ----    ----
   DATA SIZE        =   ----      31
   IDATA SIZE       =   ----    ----
   BIT SIZE         =   ----    ----
END OF MODULE INFORMATION.


C51 COMPILATION COMPLETE.  0 WARNING(S),  0 ERROR(S)
