C51 COMPILER V9.01   MAIN                                                                  06/04/2021 20:46:20 PAGE 1   


C51 COMPILER V9.01, COMPILATION OF MODULE MAIN
OBJECT MODULE PLACED IN main.OBJ
COMPILER INVOKED BY: D:\Program Files (x86)\Keil_v4\C51\BIN\C51.EXE main.c BROWSE DEBUG OBJECTEXTEND

line level    source

   1          
   2          
   3          #include <reg51.h>
   4          /* 底层驱动接口 */
   5          #include "lcd.h"        
   6          #include "uart.h"       
   7          #include "HX711.h"      
   8          #include "timer0.h"     
   9          #include "key.h"
  10          /* 应用层 */
  11          #include "app.h"        
  12          
  13                          
  14          /* 主函数入口 */
  15          void main(void) {
  16   1              unsigned char i = 0;
  17   1              
  18   1              struct Scale scale = {0,0,0,0.5};
  19   1      
  20   1              P0 = P1 = P2 = P3 = 0xFF;
  21   1      
  22   1              Lcd1602Init();  /* LCD初始化 */
  23   1              uartInit();             /* UART初始化 */
  24   1              timer0Init();   /* Timer0初始化 */      
  25   1              EA = 1;                 /* 总中断允许 */
  26   1              //8615179                       
  27   1              do{       
  28   2                      scale.refAD = AD_average();
  29   2                      LcdDisp(scale); 
  30   2                      i++;
  31   2              }while(i < 10);
  32   1      
  33   1              while(1) { 
  34   2                      /* 按键处理 */
  35   2                      keyPros();
  36   2                      
  37   2                      /* 测量体重 */
  38   2                      scale.nowAD = AD_average();
  39   2                      if(scale.nowAD > scale.refAD)
  40   2                      {
  41   3                              scale.nowAD = scale.nowAD - scale.refAD;
  42   3                              scale.weight = (unsigned long)((float)scale.nowAD*scale.rate+0.05);
  43   3                      }
  44   2                      else
  45   2                      {
  46   3                              scale.weight = 0;
  47   3                      }
  48   2      
  49   2                      /* LCD显示进程 */
  50   2                      if(flag_time&0x02) {
  51   3                              flag_time &= ~0x02;      // 清除标志位
  52   3                              LcdDisp(scale);
  53   3                              delay_ms(10);
  54   3                      }
  55   2      
C51 COMPILER V9.01   MAIN                                                                  06/04/2021 20:46:20 PAGE 2   

  56   2                      /* uart发送串行口数据进程 */            
  57   2                      if(flag_time&0x04) {            // 1秒钟，发送一次数据
  58   3                              flag_time &= ~0x04;
  59   3                              BTSend(DisBuf); 
  60   3                      }
  61   2      
  62   2              }
  63   1      }
  64          


MODULE INFORMATION:   STATIC OVERLAYABLE
   CODE SIZE        =    258    ----
   CONSTANT SIZE    =     16    ----
   XDATA SIZE       =   ----    ----
   PDATA SIZE       =   ----    ----
   DATA SIZE        =   ----      17
   IDATA SIZE       =   ----    ----
   BIT SIZE         =   ----    ----
END OF MODULE INFORMATION.


C51 COMPILATION COMPLETE.  0 WARNING(S),  0 ERROR(S)
